<?xml version="1.0" encoding="UTF-8"?>
<coverage generated="1395778315">
  <project timestamp="1395778315">
    <package name="Bldr">
      <file name="/home/travis/build/bldr-io/bldr/src/Application.php">
        <class name="Application" namespace="Bldr">
          <metrics methods="9" coveredmethods="6" conditionals="0" coveredconditionals="0" statements="30" coveredstatements="22" elements="39" coveredelements="28"/>
        </class>
        <line num="65" type="method" name="__construct" crap="2" count="0"/>
        <line num="67" type="stmt" count="0"/>
        <line num="69" type="stmt" count="0"/>
        <line num="71" type="stmt" count="0"/>
        <line num="72" type="stmt" count="0"/>
        <line num="77" type="method" name="getCommands" crap="1.12" count="10"/>
        <line num="79" type="stmt" count="10"/>
        <line num="80" type="stmt" count="0"/>
        <line num="81" type="stmt" count="0"/>
        <line num="83" type="stmt" count="10"/>
        <line num="89" type="method" name="setBuildName" crap="2" count="4"/>
        <line num="92" type="stmt" count="3"/>
        <line num="94" type="stmt" count="3"/>
        <line num="96" type="stmt" count="4"/>
        <line num="97" type="stmt" count="4"/>
        <line num="101" type="stmt" count="1"/>
        <line num="103" type="stmt" count="1"/>
        <line num="105" type="stmt" count="4"/>
        <line num="107" type="stmt" count="3"/>
        <line num="108" type="stmt" count="3"/>
        <line num="113" type="method" name="getConfig" crap="1" count="1"/>
        <line num="115" type="stmt" count="1"/>
        <line num="121" type="method" name="setConfig" crap="1" count="6"/>
        <line num="123" type="stmt" count="6"/>
        <line num="129" type="method" name="getDispatcher" crap="1" count="1"/>
        <line num="131" type="stmt" count="1"/>
        <line num="162" type="method" name="doRunCommand" crap="3" count="1"/>
        <line num="164" type="stmt" count="1"/>
        <line num="165" type="stmt" count="1"/>
        <line num="170" type="stmt" count="1"/>
        <line num="182" type="method" name="buildContainer" crap="5" count="2"/>
        <line num="190" type="stmt" count="2"/>
        <line num="193" type="stmt" count="2"/>
        <line num="205" type="stmt" count="2"/>
        <line num="207" type="stmt" count="2"/>
        <line num="213" type="method" name="getDefaultHelperSet" crap="1.30" count="10"/>
        <line num="215" type="stmt" count="0"/>
        <line num="217" type="stmt" count="0"/>
        <line num="219" type="stmt" count="10"/>
        <metrics loc="221" ncloc="155" classes="1" methods="9" coveredmethods="6" conditionals="0" coveredconditionals="0" statements="30" coveredstatements="22" elements="39" coveredelements="28"/>
      </file>
      <file name="/home/travis/build/bldr-io/bldr/src/Config.php">
        <class name="Config" namespace="Bldr">
          <metrics methods="5" coveredmethods="4" conditionals="0" coveredconditionals="0" statements="23" coveredstatements="20" elements="28" coveredelements="24"/>
        </class>
        <line num="43" type="method" name="factory" crap="2.86" count="1"/>
        <line num="45" type="stmt" count="0"/>
        <line num="46" type="stmt" count="0"/>
        <line num="49" type="stmt" count="1"/>
        <line num="50" type="stmt" count="1"/>
        <line num="52" type="stmt" count="0"/>
        <line num="65" type="method" name="getFile" crap="4" count="2"/>
        <line num="67" type="stmt" count="2"/>
        <line num="68" type="stmt" count="2"/>
        <line num="70" type="stmt" count="1"/>
        <line num="72" type="stmt" count="1"/>
        <line num="76" type="stmt" count="1"/>
        <line num="77" type="stmt" count="1"/>
        <line num="79" type="stmt" count="1"/>
        <line num="80" type="stmt" count="1"/>
        <line num="84" type="stmt" count="1"/>
        <line num="94" type="method" name="isTypeAllowed" crap="2" count="6"/>
        <line num="96" type="stmt" count="6"/>
        <line num="99" type="stmt" count="5"/>
        <line num="110" type="method" name="create" crap="3" count="4"/>
        <line num="114" type="stmt" count="4"/>
        <line num="119" type="stmt" count="4"/>
        <line num="121" type="stmt" count="4"/>
        <line num="131" type="stmt" count="1"/>
        <line num="139" type="method" name="checkForFile" crap="3" count="5"/>
        <line num="141" type="stmt" count="5"/>
        <line num="142" type="stmt" count="1"/>
        <line num="147" type="stmt" count="5"/>
        <metrics loc="148" ncloc="91" classes="1" methods="5" coveredmethods="4" conditionals="0" coveredconditionals="0" statements="23" coveredstatements="20" elements="28" coveredelements="24"/>
      </file>
    </package>
    <package name="Bldr\Call">
      <file name="/home/travis/build/bldr-io/bldr/src/Call/AbstractCall.php">
        <class name="AbstractCall" namespace="Bldr\Call">
          <metrics methods="3" coveredmethods="3" conditionals="0" coveredconditionals="0" statements="16" coveredstatements="16" elements="19" coveredelements="19"/>
        </class>
        <line num="71" type="method" name="initialize" crap="1" count="2"/>
        <line num="77" type="stmt" count="2"/>
        <line num="78" type="stmt" count="2"/>
        <line num="79" type="stmt" count="2"/>
        <line num="80" type="stmt" count="2"/>
        <line num="81" type="stmt" count="2"/>
        <line num="82" type="stmt" count="2"/>
        <line num="83" type="stmt" count="2"/>
        <line num="84" type="stmt" count="2"/>
        <line num="86" type="stmt" count="2"/>
        <line num="87" type="stmt" count="2"/>
        <line num="92" type="method" name="setTask" crap="1" count="2"/>
        <line num="94" type="stmt" count="2"/>
        <line num="96" type="stmt" count="2"/>
        <line num="97" type="stmt" count="2"/>
        <line num="102" type="method" name="setCall" crap="1" count="1"/>
        <line num="104" type="stmt" count="1"/>
        <line num="106" type="stmt" count="1"/>
        <line num="107" type="stmt" count="1"/>
        <metrics loc="108" ncloc="62" classes="1" methods="3" coveredmethods="3" conditionals="0" coveredconditionals="0" statements="16" coveredstatements="16" elements="19" coveredelements="19"/>
      </file>
    </package>
    <package name="Bldr\Command">
      <file name="/home/travis/build/bldr-io/bldr/src/Command/AbstractCommand.php">
        <class name="AbstractCommand" namespace="Bldr\Command">
          <metrics methods="3" coveredmethods="0" conditionals="0" coveredconditionals="0" statements="5" coveredstatements="1" elements="8" coveredelements="1"/>
        </class>
        <line num="38" type="method" name="setContainer" crap="1.12" count="3"/>
        <line num="40" type="stmt" count="3"/>
        <line num="41" type="stmt" count="0"/>
        <line num="47" type="method" name="addEvent" crap="2" count="0"/>
        <line num="49" type="stmt" count="0"/>
        <line num="50" type="stmt" count="0"/>
        <line num="55" type="method" name="getApplication" crap="2" count="0"/>
        <line num="57" type="stmt" count="0"/>
        <metrics loc="59" ncloc="31" classes="1" methods="3" coveredmethods="0" conditionals="0" coveredconditionals="0" statements="5" coveredstatements="1" elements="8" coveredelements="1"/>
      </file>
      <file name="/home/travis/build/bldr-io/bldr/src/Command/BuildCommand.php">
        <class name="BuildCommand" namespace="Bldr\Command">
          <metrics methods="9" coveredmethods="8" conditionals="0" coveredconditionals="0" statements="44" coveredstatements="43" elements="53" coveredelements="51"/>
        </class>
        <line num="35" type="method" name="configure" crap="1.00" count="7"/>
        <line num="37" type="stmt" count="7"/>
        <line num="38" type="stmt" count="7"/>
        <line num="39" type="stmt" count="7"/>
        <line num="40" type="stmt" count="7"/>
        <line num="60" type="stmt" count="7"/>
        <line num="61" type="stmt" count="0"/>
        <line num="62" type="stmt" count="7"/>
        <line num="67" type="method" name="execute" crap="2" count="3"/>
        <line num="69" type="stmt" count="3"/>
        <line num="73" type="stmt" count="3"/>
        <line num="82" type="stmt" count="2"/>
        <line num="89" type="stmt" count="1"/>
        <line num="90" type="stmt" count="3"/>
        <line num="99" type="method" name="getTasks" crap="3" count="3"/>
        <line num="106" type="stmt" count="3"/>
        <line num="112" type="stmt" count="3"/>
        <line num="113" type="stmt" count="3"/>
        <line num="114" type="stmt" count="3"/>
        <line num="115" type="stmt" count="3"/>
        <line num="120" type="stmt" count="3"/>
        <line num="121" type="stmt" count="3"/>
        <line num="122" type="stmt" count="3"/>
        <line num="123" type="stmt" count="3"/>
        <line num="124" type="stmt" count="3"/>
        <line num="128" type="stmt" count="3"/>
        <line num="129" type="stmt" count="3"/>
        <line num="137" type="method" name="buildTasks" crap="3" count="3"/>
        <line num="139" type="stmt" count="3"/>
        <line num="142" type="stmt" count="3"/>
        <line num="144" type="stmt" count="3"/>
        <line num="147" type="stmt" count="3"/>
        <line num="148" type="stmt" count="3"/>
        <line num="170" type="method" name="runTasks" crap="2" count="2"/>
        <line num="173" type="stmt" count="2"/>
        <line num="174" type="stmt" count="2"/>
        <line num="182" type="method" name="runTask" crap="3" count="3"/>
        <line num="186" type="stmt" count="3"/>
        <line num="188" type="stmt" count="3"/>
        <line num="189" type="stmt" count="3"/>
        <line num="192" type="stmt" count="3"/>
        <line num="197" type="stmt" count="3"/>
        <line num="199" type="stmt" count="2"/>
        <line num="201" type="stmt" count="2"/>
        <line num="213" type="method" name="runCall" crap="1" count="3"/>
        <line num="216" type="stmt" count="3"/>
        <line num="229" type="stmt" count="2"/>
        <line num="237" type="method" name="fetchServiceForCall" crap="3" count="3"/>
        <line num="241" type="stmt" count="3"/>
        <line num="244" type="stmt" count="2"/>
        <line num="256" type="method" name="succeedBuild" crap="1" count="1"/>
        <line num="260" type="stmt" count="1"/>
        <line num="261" type="stmt" count="1"/>
        <metrics loc="262" ncloc="197" classes="1" methods="9" coveredmethods="8" conditionals="0" coveredconditionals="0" statements="44" coveredstatements="43" elements="53" coveredelements="51"/>
      </file>
      <file name="/home/travis/build/bldr-io/bldr/src/Command/InitCommand.php">
        <class name="InitCommand" namespace="Bldr\Command">
          <metrics methods="5" coveredmethods="4" conditionals="0" coveredconditionals="0" statements="25" coveredstatements="23" elements="30" coveredelements="27"/>
        </class>
        <line num="41" type="method" name="configure" crap="1.00" count="9"/>
        <line num="43" type="stmt" count="9"/>
        <line num="44" type="stmt" count="9"/>
        <line num="45" type="stmt" count="9"/>
        <line num="46" type="stmt" count="9"/>
        <line num="47" type="stmt" count="9"/>
        <line num="48" type="stmt" count="9"/>
        <line num="50" type="stmt" count="9"/>
        <line num="51" type="stmt" count="9"/>
        <line num="52" type="stmt" count="9"/>
        <line num="53" type="stmt" count="8"/>
        <line num="54" type="stmt" count="9"/>
        <line num="55" type="stmt" count="0"/>
        <line num="74" type="stmt" count="9"/>
        <line num="75" type="stmt" count="0"/>
        <line num="76" type="stmt" count="9"/>
        <line num="84" type="method" name="initialize" crap="2" count="1"/>
        <line num="86" type="stmt" count="1"/>
        <line num="100" type="method" name="execute" crap="3" count="1"/>
        <line num="105" type="stmt" count="1"/>
        <line num="110" type="stmt" count="1"/>
        <line num="111" type="stmt" count="1"/>
        <line num="127" type="stmt" count="1"/>
        <line num="220" type="method" name="interact" crap="2" count="1"/>
        <line num="229" type="stmt" count="1"/>
        <line num="230" type="stmt" count="1"/>
        <line num="231" type="stmt" count="1"/>
        <line num="241" type="stmt" count="1"/>
        <line num="250" type="method" name="getNameOption" crap="2" count="1"/>
        <line num="253" type="stmt" count="1"/>
        <metrics loc="314" ncloc="249" classes="1" methods="5" coveredmethods="4" conditionals="0" coveredconditionals="0" statements="25" coveredstatements="23" elements="30" coveredelements="27"/>
      </file>
    </package>
    <package name="Bldr\Event">
      <file name="/home/travis/build/bldr-io/bldr/src/Event/BuildEvent.php">
        <class name="BuildEvent" namespace="Bldr\Event">
          <metrics methods="1" coveredmethods="0" conditionals="0" coveredconditionals="0" statements="4" coveredstatements="3" elements="5" coveredelements="3"/>
        </class>
        <line num="43" type="method" name="__construct" crap="1.02" count="2"/>
        <line num="45" type="stmt" count="2"/>
        <line num="46" type="stmt" count="2"/>
        <line num="47" type="stmt" count="2"/>
        <line num="48" type="stmt" count="0"/>
        <metrics loc="73" ncloc="39" classes="1" methods="1" coveredmethods="0" conditionals="0" coveredconditionals="0" statements="4" coveredstatements="3" elements="5" coveredelements="3"/>
      </file>
      <file name="/home/travis/build/bldr-io/bldr/src/Event/CallEvent.php">
        <class name="CallEvent" namespace="Bldr\Event">
          <metrics methods="1" coveredmethods="0" conditionals="0" coveredconditionals="0" statements="5" coveredstatements="4" elements="6" coveredelements="4"/>
        </class>
        <line num="50" type="method" name="__construct" crap="1.01" count="2"/>
        <line num="52" type="stmt" count="2"/>
        <line num="53" type="stmt" count="2"/>
        <line num="54" type="stmt" count="2"/>
        <line num="55" type="stmt" count="2"/>
        <line num="56" type="stmt" count="0"/>
        <metrics loc="97" ncloc="53" classes="1" methods="1" coveredmethods="0" conditionals="0" coveredconditionals="0" statements="5" coveredstatements="4" elements="6" coveredelements="4"/>
      </file>
      <file name="/home/travis/build/bldr-io/bldr/src/Event/ProfileEvent.php">
        <class name="ProfileEvent" namespace="Bldr\Event">
          <metrics methods="1" coveredmethods="0" conditionals="0" coveredconditionals="0" statements="5" coveredstatements="4" elements="6" coveredelements="4"/>
        </class>
        <line num="50" type="method" name="__construct" crap="1.01" count="2"/>
        <line num="52" type="stmt" count="2"/>
        <line num="53" type="stmt" count="2"/>
        <line num="54" type="stmt" count="2"/>
        <line num="55" type="stmt" count="2"/>
        <line num="56" type="stmt" count="0"/>
        <metrics loc="97" ncloc="53" classes="1" methods="1" coveredmethods="0" conditionals="0" coveredconditionals="0" statements="5" coveredstatements="4" elements="6" coveredelements="4"/>
      </file>
      <file name="/home/travis/build/bldr-io/bldr/src/Event/ServiceEvent.php">
        <class name="ServiceEvent" namespace="Bldr\Event">
          <metrics methods="1" coveredmethods="0" conditionals="0" coveredconditionals="0" statements="5" coveredstatements="0" elements="6" coveredelements="0"/>
        </class>
        <line num="50" type="method" name="__construct" crap="2" count="0"/>
        <line num="56" type="stmt" count="0"/>
        <line num="57" type="stmt" count="0"/>
        <line num="58" type="stmt" count="0"/>
        <line num="59" type="stmt" count="0"/>
        <line num="60" type="stmt" count="0"/>
        <metrics loc="93" ncloc="52" classes="1" methods="1" coveredmethods="0" conditionals="0" coveredconditionals="0" statements="5" coveredstatements="0" elements="6" coveredelements="0"/>
      </file>
      <file name="/home/travis/build/bldr-io/bldr/src/Event/TaskEvent.php">
        <class name="TaskEvent" namespace="Bldr\Event">
          <metrics methods="1" coveredmethods="0" conditionals="0" coveredconditionals="0" statements="5" coveredstatements="4" elements="6" coveredelements="4"/>
        </class>
        <line num="50" type="method" name="__construct" crap="1.01" count="2"/>
        <line num="52" type="stmt" count="2"/>
        <line num="53" type="stmt" count="2"/>
        <line num="54" type="stmt" count="2"/>
        <line num="55" type="stmt" count="2"/>
        <line num="56" type="stmt" count="0"/>
        <metrics loc="97" ncloc="53" classes="1" methods="1" coveredmethods="0" conditionals="0" coveredconditionals="0" statements="5" coveredstatements="4" elements="6" coveredelements="4"/>
      </file>
    </package>
    <package name="Bldr\Helper">
      <file name="/home/travis/build/bldr-io/bldr/src/Helper/DialogHelper.php">
        <class name="DialogHelper" namespace="Bldr\Helper">
          <metrics methods="1" coveredmethods="0" conditionals="0" coveredconditionals="0" statements="3" coveredstatements="0" elements="4" coveredelements="0"/>
        </class>
        <line num="32" type="method" name="getQuestion" crap="6" count="0"/>
        <line num="34" type="stmt" count="0"/>
        <line num="35" type="stmt" count="0"/>
        <line num="36" type="stmt" count="0"/>
        <metrics loc="37" ncloc="15" classes="1" methods="1" coveredmethods="0" conditionals="0" coveredconditionals="0" statements="3" coveredstatements="0" elements="4" coveredelements="0"/>
      </file>
    </package>
    <package name="Bldr\Model">
      <file name="/home/travis/build/bldr-io/bldr/src/Model/Call.php">
        <class name="Call" namespace="Bldr\Model">
          <metrics methods="5" coveredmethods="4" conditionals="0" coveredconditionals="0" statements="8" coveredstatements="7" elements="13" coveredelements="11"/>
        </class>
        <line num="38" type="method" name="__construct" crap="1.04" count="5"/>
        <line num="40" type="stmt" count="5"/>
        <line num="41" type="stmt" count="5"/>
        <line num="42" type="stmt" count="0"/>
        <line num="47" type="method" name="getType" crap="1" count="3"/>
        <line num="49" type="stmt" count="3"/>
        <line num="55" type="method" name="getArguments" crap="1" count="1"/>
        <line num="57" type="stmt" count="1"/>
        <line num="65" type="method" name="__get" crap="1" count="1"/>
        <line num="67" type="stmt" count="1"/>
        <line num="74" type="method" name="__set" crap="1" count="1"/>
        <line num="76" type="stmt" count="1"/>
        <line num="77" type="stmt" count="1"/>
        <metrics loc="88" ncloc="44" classes="1" methods="5" coveredmethods="4" conditionals="0" coveredconditionals="0" statements="8" coveredstatements="7" elements="13" coveredelements="11"/>
      </file>
      <file name="/home/travis/build/bldr-io/bldr/src/Model/Task.php">
        <class name="Task" namespace="Bldr\Model">
          <metrics methods="5" coveredmethods="3" conditionals="0" coveredconditionals="0" statements="16" coveredstatements="12" elements="21" coveredelements="15"/>
        </class>
        <line num="39" type="method" name="__construct" crap="6.73" count="5"/>
        <line num="41" type="stmt" count="5"/>
        <line num="42" type="stmt" count="5"/>
        <line num="43" type="stmt" count="5"/>
        <line num="45" type="stmt" count="5"/>
        <line num="47" type="stmt" count="4"/>
        <line num="50" type="stmt" count="3"/>
        <line num="52" type="stmt" count="1"/>
        <line num="53" type="stmt" count="1"/>
        <line num="55" type="stmt" count="0"/>
        <line num="56" type="stmt" count="0"/>
        <line num="58" type="stmt" count="0"/>
        <line num="63" type="method" name="getName" crap="1" count="5"/>
        <line num="65" type="stmt" count="5"/>
        <line num="71" type="method" name="getDescription" crap="1" count="5"/>
        <line num="73" type="stmt" count="5"/>
        <line num="79" type="method" name="getCalls" crap="1" count="5"/>
        <line num="81" type="stmt" count="5"/>
        <line num="87" type="method" name="addCall" crap="1.12" count="5"/>
        <line num="89" type="stmt" count="5"/>
        <line num="90" type="stmt" count="0"/>
        <metrics loc="91" ncloc="54" classes="1" methods="5" coveredmethods="3" conditionals="0" coveredconditionals="0" statements="16" coveredstatements="12" elements="21" coveredelements="15"/>
      </file>
    </package>
    <metrics files="14" loc="1785" ncloc="1148" classes="14" methods="50" coveredmethods="32" conditionals="0" coveredconditionals="0" statements="194" coveredstatements="159" elements="244" coveredelements="191"/>
  </project>
</coverage>
